app/build/intermediates/manifest_merge_blame_file/release/manifest-merger-blame-release-report.txt
1<?xml version="1.0" encoding="utf-8"?>
2<manifest xmlns:android="http://schemas.android.com/apk/res/android"
3    xmlns:dist="http://schemas.android.com/apk/distribution"
4    package="com.example.popularmoviestage2"
5    android:versionCode="1"
6    android:versionName="1.0" >
7
8    <uses-sdk
9        android:minSdkVersion="21"
9-->src\main\AndroidManifest.xml
10        android:targetSdkVersion="29" />
10-->src\main\AndroidManifest.xml
11
12    <uses-permission android:name="android.permission.INTERNET" />
12-->src\main\AndroidManifest.xml:6:5-67
12-->src\main\AndroidManifest.xml:6:22-64
13    <uses-permission android:name="android.permission.ACCESS_NETWORK_STATE" />
13-->src\main\AndroidManifest.xml:7:5-78
13-->src\main\AndroidManifest.xml:7:22-76
14
15    <dist:module dist:instant="true" />
15-->src\main\AndroidManifest.xml:31:5-40
15-->src\main\AndroidManifest.xml:31:18-37
16
17    <application
17-->src\main\AndroidManifest.xml:8:5-29:19
18        android:allowBackup="true"
18-->src\main\AndroidManifest.xml:9:9-35
19        android:appComponentFactory="androidx.core.app.CoreComponentFactory"
19-->[androidx.core:core:1.1.0] AndroidManifest.xml:24:18-86
20        android:icon="@mipmap/ic_launcher"
20-->src\main\AndroidManifest.xml:10:9-43
21        android:label="@string/app_name"
21-->src\main\AndroidManifest.xml:11:9-41
22        android:roundIcon="@mipmap/ic_launcher_round"
22-->src\main\AndroidManifest.xml:12:9-54
23        android:supportsRtl="true"
23-->src\main\AndroidManifest.xml:13:9-35
24        android:theme="@style/AppTheme" >
24-->src\main\AndroidManifest.xml:14:9-40
25        <activity android:name="com.example.popularmoviestage2.MainActivity" >
25-->src\main\AndroidManifest.xml:15:9-21:20
25-->src\main\AndroidManifest.xml:15:19-47
26            <intent-filter>
26-->src\main\AndroidManifest.xml:16:13-20:29
27                <action android:name="android.intent.action.MAIN" />
27-->src\main\AndroidManifest.xml:17:17-69
27-->src\main\AndroidManifest.xml:17:25-66
28
29                <category android:name="android.intent.category.LAUNCHER" />
29-->src\main\AndroidManifest.xml:19:17-77
29-->src\main\AndroidManifest.xml:19:27-74
30            </intent-filter>
31        </activity>
32        <activity
32-->src\main\AndroidManifest.xml:21:22-24:53
33            android:name="com.example.popularmoviestage2.DetailActivity"
33-->src\main\AndroidManifest.xml:22:9-39
34            android:label="@string/title_activity_detail"
34-->src\main\AndroidManifest.xml:23:9-54
35            android:parentActivityName="com.example.popularmoviestage2.MainActivity" />
35-->src\main\AndroidManifest.xml:24:9-51
36
37        <provider
37-->src\main\AndroidManifest.xml:25:9-27:20
38            android:name="com.example.popularmoviestage2.FavoritesProvider"
38-->src\main\AndroidManifest.xml:25:19-52
39            android:authorities="com.shrreyabhatachaarya.provider.popularmovies2" >
39-->src\main\AndroidManifest.xml:26:13-82
40        </provider>
41        <provider
41-->[com.squareup.picasso:picasso:2.71828] AndroidManifest.xml:8:9-11:40
42            android:name="com.squareup.picasso.PicassoProvider"
42-->[com.squareup.picasso:picasso:2.71828] AndroidManifest.xml:9:13-64
43            android:authorities="com.example.popularmoviestage2.com.squareup.picasso"
43-->[com.squareup.picasso:picasso:2.71828] AndroidManifest.xml:10:13-72
44            android:exported="false" />
44-->[com.squareup.picasso:picasso:2.71828] AndroidManifest.xml:11:13-37
45    </application>
46
47</manifest>